<?xml version="1.0" encoding="UTF-8"?><testsuite errors="0" failures="20" name="com.bestbuy.Storeinfo.CreateStoreDataDrivenTest" skipped="0" tests="40" time="88.89" timestamp="2023-01-08T14:25:55.926Z[Europe/London]"><testcase classname="com.bestbuy.Storeinfo.CreateStoreDataDrivenTest" name="This will update product"><failure message="1 expectation failed.&#10;Expected status code &lt;200&gt; but was &lt;404&gt;.&#10;" type="java.lang.AssertionError">1 expectation failed.
Expected status code &lt;200&gt; but was &lt;404&gt;.
</failure><system-err>1 expectation failed.
Expected status code &lt;200&gt; but was &lt;404&gt;.
&#13;
io.restassured.internal.ResponseSpecificationImpl.validateResponseIfRequired(ResponseSpecificationImpl.groovy:636)&#13;
io.restassured.internal.ResponseSpecificationImpl.statusCode(ResponseSpecificationImpl.groovy:122)&#13;
io.restassured.internal.ResponseSpecificationImpl.statusCode(ResponseSpecificationImpl.groovy:130)&#13;
io.restassured.internal.ValidatableResponseOptionsImpl.statusCode(ValidatableResponseOptionsImpl.java:117)&#13;
com.bestbuy.Storeinfo.StoreSteps.getStoreInfoByStoreID(StoreSteps.java:45)&#13;
com.bestbuy.Storeinfo.CreateStoreDataDrivenTest.test003(CreateStoreDataDrivenTest.java:64)&#13;
</system-err></testcase><testcase classname="com.bestbuy.Storeinfo.CreateStoreDataDrivenTest" name="Data driven test for adding multiple students to the application"/></testsuite>