<?xml version="1.0" encoding="UTF-8"?><testsuite errors="0" failures="0" name="Testing different request on the Store application" skipped="0" tests="5" time="7.96" timestamp="2023-01-08T22:25:54.546Z[Europe/London]"><testcase name="Check if the Store application can be accessed by users"/><testcase name="Check if the Store data application can be accessed by users"/><testcase name="Check if the Store data updata application can be accessed by users"/><testcase name="Check if the Store data delete application can be accessed by users"/><testcase name="Check if the Store data application can be accessed by users"/></testsuite>